<?xml version="1.0" encoding="UTF-8"?>
<!-- Generated by org.testng.reporters.JUnitXMLReporter -->
<testsuite hostname="ASHU-PC" ignored="0" name="Test" tests="3" failures="2" timestamp="17 Aug 2017 12:59:35 GMT" time="67.755" errors="0">
  <testcase name="testValidLogin" time="12.89" classname="com.automation.test.ValidLogin">
    <failure type="java.lang.AssertionError" message="null">
      <![CDATA[java.lang.AssertionError: null
	at generic.BasePage.verifyTitle(BasePage.java:23)
	at com.automation.test.ValidLogin.testValidLogin(ValidLogin.java:22)
... Removed 27 stack frames]]>
    </failure>
  </testcase> <!-- testValidLogin -->
  <testcase name="testInvalidLogin" time="5.038" classname="com.automation.test.InvalidLogin"/>
  <testcase name="testProductVersion" time="11.672" classname="com.automation.test.verifyProductVersion">
    <failure type="java.lang.AssertionError" message="expected [actiTIME 2017.1] but found [Product Version:]">
      <![CDATA[java.lang.AssertionError: expected [actiTIME 2017.1] but found [Product Version:]
	at com.automation.page.EnterTimeTrackPage.verifyVersion(EnterTimeTrackPage.java:36)
	at com.automation.test.verifyProductVersion.testProductVersion(verifyProductVersion.java:26)
... Removed 31 stack frames]]>
    </failure>
  </testcase> <!-- testProductVersion -->
</testsuite> <!-- Test -->
