<?xml version="1.0" encoding="UTF-8"?>
<!-- Generated by org.testng.reporters.JUnitXMLReporter -->
<testsuite hostname="ASHU-PC" name="Test" tests="3" failures="2" timestamp="17 Aug 2017 14:38:16 GMT" time="64.009" errors="0">
  <testcase name="testInvalidLogin" time="5.242" classname="com.automation.test.InvalidLogin"/>
  <testcase name="testValidLogin" time="13.053" classname="com.automation.test.ValidLogin">
    <failure type="java.lang.AssertionError" message="null">
      <![CDATA[java.lang.AssertionError: null
	at generic.BasePage.verifyTitle(BasePage.java:23)
	at com.automation.test.ValidLogin.testValidLogin(ValidLogin.java:22)
	at org.apache.maven.surefire.testng.TestNGExecutor.run(TestNGExecutor.java:283)
	at org.apache.maven.surefire.testng.TestNGXmlTestSuite.execute(TestNGXmlTestSuite.java:75)
	at org.apache.maven.surefire.testng.TestNGProvider.invoke(TestNGProvider.java:120)
	at org.apache.maven.surefire.booter.ForkedBooter.invokeProviderInSameClassLoader(ForkedBooter.java:386)
	at org.apache.maven.surefire.booter.ForkedBooter.runSuitesInProcess(ForkedBooter.java:323)
	at org.apache.maven.surefire.booter.ForkedBooter.main(ForkedBooter.java:143)
... Removed 23 stack frames]]>
    </failure>
  </testcase> <!-- testValidLogin -->
  <testcase name="testProductVersion" time="10.446" classname="com.automation.test.verifyProductVersion">
    <failure type="java.lang.AssertionError" message="expected [actiTIME 2017.1] but found [Product Version:]">
      <![CDATA[java.lang.AssertionError: expected [actiTIME 2017.1] but found [Product Version:]
	at com.automation.page.EnterTimeTrackPage.verifyVersion(EnterTimeTrackPage.java:36)
	at com.automation.test.verifyProductVersion.testProductVersion(verifyProductVersion.java:26)
	at org.apache.maven.surefire.testng.TestNGExecutor.run(TestNGExecutor.java:283)
	at org.apache.maven.surefire.testng.TestNGXmlTestSuite.execute(TestNGXmlTestSuite.java:75)
	at org.apache.maven.surefire.testng.TestNGProvider.invoke(TestNGProvider.java:120)
	at org.apache.maven.surefire.booter.ForkedBooter.invokeProviderInSameClassLoader(ForkedBooter.java:386)
	at org.apache.maven.surefire.booter.ForkedBooter.runSuitesInProcess(ForkedBooter.java:323)
	at org.apache.maven.surefire.booter.ForkedBooter.main(ForkedBooter.java:143)
... Removed 26 stack frames]]>
    </failure>
  </testcase> <!-- testProductVersion -->
</testsuite> <!-- Test -->
